1535298140849	geckodriver	INFO	geckodriver 0.21.0
1535298140865	geckodriver	INFO	Listening on 127.0.0.1:52220
1535298143881	mozrunner::runner	INFO	Running command: "C:\\Program Files (x86)\\Mozilla Firefox\\firefox.exe" "-marionette" "-foreground" "-no-remote" "-profile" "C:\\Users\\sunda\\AppData\\Local\\Temp\\rust_mozprofile.c18hZUlGbBFD"
Unable to read VR Path Registry from C:\Users\sunda\AppData\Local\openvr\openvrpaths.vrpath
Unable to read VR Path Registry from C:\Users\sunda\AppData\Local\openvr\openvrpaths.vrpath
Unable to read VR Path Registry from C:\Users\sunda\AppData\Local\openvr\openvrpaths.vrpath
Unable to read VR Path Registry from C:\Users\sunda\AppData\Local\openvr\openvrpaths.vrpath
Unable to read VR Path Registry from C:\Users\sunda\AppData\Local\openvr\openvrpaths.vrpath
1535298149385	Marionette	INFO	Listening on port 52232
1535298149501	Marionette	WARN	TLS certificate errors will be ignored for this session
[Parent 17096, Gecko_IOThread] WARNING: pipe error: 109: file z:/build/build/src/ipc/chromium/src/chrome/commo1535298179305	mozrunner::runner	INFO	Running command: "C:\\Program Files (x86)\\Mozilla Firefox\\firefox.exe" "-marionette" "-foreground" "-no-remote" "-profile" "C:\\Users\\sunda\\AppData\\Local\\Temp\\rust_mozprofile.4SDBcruXjQHl"
Unable to read VR Path Registry from C:\Users\sunda\AppData\Local\openvr\openvrpaths.vrpath
Unable to read VR Path Registry from C:\Users\sunda\AppData\Local\openvr\openvrpaths.vrpath
Unable to read VR Path Registry from C:\Users\sunda\AppData\Local\openvr\openvrpaths.vrpath
Unable to read VR Path Registry from C:\Users\sunda\AppData\Local\openvr\openvrpaths.vrpath
Unable to read VR Path Registry from C:\Users\sunda\AppData\Local\openvr\openvrpaths.vrpath
1535298190050	Marionette	INFO	Listening on port 52340
1535298190617	Marionette	WARN	TLS certificate errors will be ignored for this session
[Parent 1808, Gecko_IOThread] WARNING: pipe error: 109: file z:/build/build/src/ipc/chromium/src/chrome/common/ipc_channel_win.cc, line 346
[Child 13852, Chrome_ChildThread] WARNING: pipe error: 109: file z:/build/build/src/ipc/chromium/src/chrome/common/ipc_channel_win.cc, line 346
[Child 14584, Chrome_ChildThread] WARNING: pipe error: 109: file z:/build/build/src/ipc/chromium/src/chrome/common/ipc_channel_win.cc, line 346
[Child 14584, Chrome_Chi[Parent 1808, Gecko_IOThread] WARNING: pipe error: 109: file z:/build/build/src/ipc/chromium/src/chrome/common/ipc_channel_win.cc, line 346
[Child 2956, Chrome_ChildThread] WARNING: pipe error: 109: file z:/build/build/src/ipc/chromium/src/chrome/common/ipc_channel_win.cc, line 346
[Child 2956, Chro[GPU 1008
###!!! [Child][MessageChannel::SendAndWait] Error: Channel error: cannot send/recv

1535298576115	geckodriver	INFO	geckodriver 0.21.0
1535298576115	geckodriver	INFO	Listening on 127.0.0.1:52965
1535298579178	mozrunner::runner	INFO	Running command: "C:\\Program Files (x86)\\Mozilla Firefox\\firefox.exe" "-marionette" "-foreground" "-no-remote" "-profile" "C:\\Users\\sunda\\AppData\\Local\\Temp\\rust_mozprofile.W5RyxM1gJBSc"
Unable to read VR Path Registry from C:\Users\sunda\AppData\Local\openvr\openvrpaths.vrpath
Unable to read VR Path Registry from C:\Users\sunda\AppData\Local\openvr\openvrpaths.vrpath
Unable to read VR Path Registry from C:\Users\sunda\AppData\Local\openvr\openvrpaths.vrpath
Unable to read VR Path Registry from C:\Users\sunda\AppData\Local\openvr\openvrpaths.vrpath
Unable to read VR Path Registry from C:\Users\sunda\AppData\Local\openvr\openvrpaths.vrpath
1535298585611	Marionette	INFO	Listening on port 52977
1535298585843	Marionette	WARN	TLS certificate errors will be ignored for this session
[Parent 5776, Gecko_IOThread] WARNING: pipe error: 109: file z:/build/build/src/ipc/chromium/src/chrome/common/ipc_channel_win.cc, line 346
[Child 4536, Chrome_ChildThread] WARNING: pipe error: 109: file z:/build/build/src/ipc/chromium/src/chrome/common/ipc_channel_win.cc, line 346
[Child 4536[Parent 5776, Gecko_IOThread] WARNING: pipe error: 109: file z:/build/build/src/ipc/chromium/src/chrome/common/ipc_channel_win.cc, line 346
[G
###!!! [Child][MessageChannel::SendAndWait] Error: Channel error: cannot send/recv

